00:57:47 **** Incremental Build of configuration Nios II for project freq_relay_controller ****
make all 
Info: Building ../freq_relay_controller_bsp/
C:/intelFPGA_lite/18.1/nios2eds/bin/gnu/H-x86_64-mingw32/bin/make --no-print-directory -C ../freq_relay_controller_bsp/
[BSP build complete]
Info: Compiling main.c to obj/default/main.o
nios2-elf-gcc -xc -MP -MMD -c -I../freq_relay_controller_bsp//HAL/inc -I../freq_relay_controller_bsp/ -I../freq_relay_controller_bsp//drivers/inc  -pipe -D__hal__ -DALT_NO_INSTRUCTION_EMULATION -DALT_SINGLE_THREADED    -O0 -g -Wall   -mhw-div -mhw-mul -mno-hw-mulx -mgpopt=global  -o obj/default/main.o main.c
main.c: In function 'main':
main.c:264:4: warning: implicit declaration of function 'usleep' [-Wimplicit-function-declaration]
    usleep(1000000);
    ^
Info: Linking freq_relay_controller.elf
nios2-elf-g++  -T'../freq_relay_controller_bsp//linker.x' -msys-crt0='../freq_relay_controller_bsp//obj/HAL/src/crt0.o' -msys-lib=hal_bsp -L../freq_relay_controller_bsp/   -Wl,-Map=freq_relay_controller.map   -O0 -g -Wall   -mhw-div -mhw-mul -mno-hw-mulx -mgpopt=global  -o freq_relay_controller.elf obj/default/FreeRTOS/croutine.o obj/default/FreeRTOS/event_groups.o obj/default/FreeRTOS/heap.o obj/default/FreeRTOS/list.o obj/default/FreeRTOS/port.o obj/default/FreeRTOS/queue.o obj/default/FreeRTOS/tasks.o obj/default/FreeRTOS/timers.o obj/default/main.o obj/default/FreeRTOS/port_asm.o -lm -msys-lib=m
nios2-elf-insert freq_relay_controller.elf --thread_model hal --cpu_name nios2 --qsys true --simulation_enabled false --id 7 --sidp 0x430f0 --timestamp 1393900972 --stderr_dev jtag_uart --stdin_dev jtag_uart --stdout_dev jtag_uart --sopc_system_name nios2 --quartus_project_dir "C:/Users/jevaa/Desktop/COMPSYS_723/COMPSYS723/Freq_Relay_Controller" --sopcinfo C:/Users/jevaa/Desktop/COMPSYS_723/COMPSYS723/Freq_Relay_Controller/software/freq_relay_controller_bsp/../../nios2.sopcinfo
Info: (freq_relay_controller.elf) 614 KBytes program size (code + initialized data).
Info:                             130561 KBytes free for stack + heap.
Info: Creating freq_relay_controller.objdump
nios2-elf-objdump --disassemble --syms --all-header --source freq_relay_controller.elf >freq_relay_controller.objdump
[freq_relay_controller build complete]
00:58:06 **** Build of configuration Nios II for project freq_relay_controller ****
make all 
Info: Building ../freq_relay_controller_bsp/
C:/intelFPGA_lite/18.1/nios2eds/bin/gnu/H-x86_64-mingw32/bin/make --no-print-directory -C ../freq_relay_controller_bsp/
[BSP build complete]
[freq_relay_controller build complete]
00:58:09 **** Incremental Build of configuration Nios II for project freq_relay_controller ****
make all 
Info: Building ../freq_relay_controller_bsp/
C:/intelFPGA_lite/18.1/nios2eds/bin/gnu/H-x86_64-mingw32/bin/make --no-print-directory -C ../freq_relay_controller_bsp/
[BSP build complete]
[freq_relay_controller build complete]
