23:54:03 **** Incremental Build of configuration Nios II for project project1 ****
make all 
Info: Building ../project1_bsp/
C:/intelFPGA_lite/18.1/nios2eds/bin/gnu/H-x86_64-mingw32/bin/make --no-print-directory -C ../project1_bsp/
[BSP build complete]
Info: Compiling main.c to obj/default/main.o
nios2-elf-gcc -xc -MP -MMD -c -I../project1_bsp//HAL/inc -I../project1_bsp/ -I../project1_bsp//drivers/inc  -pipe -D__hal__ -DALT_NO_INSTRUCTION_EMULATION -DALT_SINGLE_THREADED    -O0 -g -Wall   -mhw-div -mhw-mul -mno-hw-mulx -mgpopt=global  -o obj/default/main.o main.c
main.c: In function 'vPS2Task':
main.c:393:28: warning: too many arguments for format [-Wformat-extra-args]
                     printf("Min threshold set to 45.0 to ensure graph visibility", localFreqThresh);
                            ^
main.c:393:28: warning: too many arguments for format [-Wformat-extra-args]
main.c:399:28: warning: too many arguments for format [-Wformat-extra-args]
                     printf("Max threshold set to 52.0 to ensure graph visibility", localFreqThresh);
                            ^
main.c:399:28: warning: too many arguments for format [-Wformat-extra-args]
main.c:405:28: warning: too many arguments for format [-Wformat-extra-args]
                     printf("Minimum ROC threshold set to 1.0 for a cleaner graph", localROCThresh);
                            ^
main.c:405:28: warning: too many arguments for format [-Wformat-extra-args]
main.c:411:28: warning: too many arguments for format [-Wformat-extra-args]
                     printf("Max ROC threshold set to 30 for a cleaner grahp", localROCThresh);
                            ^
main.c:411:28: warning: too many arguments for format [-Wformat-extra-args]
Info: Linking project1.elf
nios2-elf-g++  -T'../project1_bsp//linker.x' -msys-crt0='../project1_bsp//obj/HAL/src/crt0.o' -msys-lib=hal_bsp -L../project1_bsp/   -Wl,-Map=project1.map   -O0 -g -Wall   -mhw-div -mhw-mul -mno-hw-mulx -mgpopt=global  -o project1.elf obj/default/FreeRTOS/croutine.o obj/default/FreeRTOS/event_groups.o obj/default/FreeRTOS/heap.o obj/default/FreeRTOS/list.o obj/default/FreeRTOS/port.o obj/default/FreeRTOS/queue.o obj/default/FreeRTOS/tasks.o obj/default/FreeRTOS/timers.o obj/default/main.o obj/default/FreeRTOS/port_asm.o -lm -msys-lib=m
nios2-elf-insert project1.elf --thread_model hal --cpu_name nios2 --qsys true --simulation_enabled false --id 7 --sidp 0x430f0 --timestamp 1393900972 --stderr_dev jtag_uart --stdin_dev jtag_uart --stdout_dev jtag_uart --sopc_system_name nios2 --quartus_project_dir "C:/Users/nadul/cs723/COMPSYS723/Assignment_1" --sopcinfo C:/Users/nadul/cs723/COMPSYS723/Assignment_1/software/project1_bsp/../../nios2.sopcinfo
Info: (project1.elf) 640 KBytes program size (code + initialized data).
Info:                130559 KBytes free for stack + heap.
Info: Creating project1.objdump
nios2-elf-objdump --disassemble --syms --all-header --source project1.elf >project1.objdump
[project1 build complete]
23:54:16 **** Incremental Build of configuration Nios II for project project1 ****
make all 
Info: Building ../project1_bsp/
C:/intelFPGA_lite/18.1/nios2eds/bin/gnu/H-x86_64-mingw32/bin/make --no-print-directory -C ../project1_bsp/
[BSP build complete]
[project1 build complete]
