16:03:30 **** Incremental Build of configuration Nios II for project project1 ****
make all 
Info: Building ../project1_bsp/
C:/intelFPGA_lite/18.1/nios2eds/bin/gnu/H-x86_64-mingw32/bin/make --no-print-directory -C ../project1_bsp/
[BSP build complete]
Info: Compiling hello_world.c to obj/default/hello_world.o
nios2-elf-gcc -xc -MP -MMD -c -I../project1_bsp//HAL/inc -I../project1_bsp/ -I../project1_bsp//drivers/inc  -pipe -D__hal__ -DALT_NO_INSTRUCTION_EMULATION -DALT_SINGLE_THREADED    -O0 -g -Wall   -mhw-div -mhw-mul -mno-hw-mulx -mgpopt=global  -o obj/default/hello_world.o hello_world.c
hello_world.c: In function 'main':
hello_world.c:56:46: warning: passing argument 3 of 'alt_irq_register' from incompatible pointer type [-Wincompatible-pointer-types]
  alt_irq_register(FREQUENCY_ANALYSER_IRQ, 0, freqAnalyser);
                                              ^
In file included from ../project1_bsp//HAL/inc/sys/alt_irq.h:218:0,
                 from hello_world.c:6:
../project1_bsp//HAL/inc/priv/alt_legacy_irq.h:61:12: note: expected 'alt_isr_func {aka void (*)(void *, long unsigned int)}' but argument is of type 'void (*)(void *)'
 extern int alt_irq_register (alt_u32 id, 
            ^
Info: Linking project1.elf
nios2-elf-g++  -T'../project1_bsp//linker.x' -msys-crt0='../project1_bsp//obj/HAL/src/crt0.o' -msys-lib=hal_bsp -L../project1_bsp/   -Wl,-Map=project1.map   -O0 -g -Wall   -mhw-div -mhw-mul -mno-hw-mulx -mgpopt=global  -o project1.elf obj/default/hello_world.o -lm -msys-lib=m
obj/default/hello_world.o: In function `initOSDataStructs':
C:\Users\negis\Desktop\COMPSYS723\Assignment_1\software\project1/hello_world.c:43: undefined reference to `xQueueGenericCreate'
obj/default/hello_world.o: In function `initCreateTask':
C:\Users\negis\Desktop\COMPSYS723\Assignment_1\software\project1/hello_world.c:48: undefined reference to `xTaskGenericCreate'
collect2.exe: error: ld returned 1 exit status
make: *** [project1.elf] Error 1

16:03:31 Build Finished (took 1s.39ms)

